coins {
  [0mid[2m:[0m [0m[32m[0m[32m"0x8c07da4d1ce20edf3273b085e51b0c0d529afdf0ffb46d0c13d8775d9c19ff440001"[0m[0m[0m[2m,[0m
  [0massetId[2m:[0m [0m[32m[0m[32m"0x3e34efc62c4f9d586db18b48ba0c3d28dc7409a25938e1404752c1242b7ea939"[0m[0m[0m[2m,[0m
  [0mamount[2m:[0m <BN: 0x64>[0m[2m,[0m
  [0mowner[2m:[0m Address {
    [0mbech32Address[2m:[0m [0m[32m[0m[32m"fuel1fy936lmajmy6lr0re5hemxdj3ygfmyakxm9nt84gpmntth9ryphqky86s7"[0m[0m[0m[2m,[0m
    [0mtoChecksum[2m:[0m [36m[Function: toChecksum][0m[0m[2m,[0m
    [0mtoAddress[2m:[0m [36m[Function: toAddress][0m[0m[2m,[0m
    [0mtoB256[2m:[0m [36m[Function: toB256][0m[0m[2m,[0m
    [0mtoBytes[2m:[0m [36m[Function: toBytes][0m[0m[2m,[0m
    [0mtoHexString[2m:[0m [36m[Function: toHexString][0m[0m[2m,[0m
    [0mtoString[2m:[0m [36m[Function: toString][0m[0m[2m,[0m
    [0mtoJSON[2m:[0m [36m[Function: toJSON][0m[0m[2m,[0m
    [0mtoEvmAddress[2m:[0m [36m[Function: toEvmAddress][0m[0m[2m,[0m
    [0mtoAssetId[2m:[0m [36m[Function: toAssetId][0m[0m[2m,[0m
    [0mvalueOf[2m:[0m [36m[Function: valueOf][0m[0m[2m,[0m
    [0mequals[2m:[0m [36m[Function: equals][0m[0m[2m,[0m
  }[0m[2m,[0m
  [0mblockCreated[2m:[0m <BN: 0x6a>[0m[2m,[0m
  [0mtxCreatedIdx[2m:[0m <BN: 0x0>[0m[2m,[0m
}
reciever balance before: <BN: 0x0>
transaction: ScriptTransactionRequest {
  [0mtip[2m:[0m [0m[2mundefined[0m[0m[2m,[0m
  [0mmaturity[2m:[0m [0m[2mundefined[0m[0m[2m,[0m
  [0mmaxFee[2m:[0m <BN: 0x28a>[0m[2m,[0m
  [0mwitnessLimit[2m:[0m [0m[2mundefined[0m[0m[2m,[0m
  [0minputs[2m:[0m [
    {
      [0mid[2m:[0m [0m[32m[0m[32m"0x8c07da4d1ce20edf3273b085e51b0c0d529afdf0ffb46d0c13d8775d9c19ff440001"[0m[0m[0m[2m,[0m
      [0mtype[2m:[0m [0m[33m0[0m[0m[2m,[0m
      [0mowner[2m:[0m [0m[32m[0m[32m"0x490b1d7f7d96c9af8de3cd2f9d99b289109d93b636cb359ea80ee6b5dca3206e"[0m[0m[0m[2m,[0m
      [0mamount[2m:[0m <BN: 0x64>[0m[2m,[0m
      [0massetId[2m:[0m [0m[32m[0m[32m"0x3e34efc62c4f9d586db18b48ba0c3d28dc7409a25938e1404752c1242b7ea939"[0m[0m[0m[2m,[0m
      [0mtxPointer[2m:[0m [0m[32m[0m[32m"0x00000000000000000000000000000000"[0m[0m[0m[2m,[0m
      [0mwitnessIndex[2m:[0m [0m[33m0[0m[0m[2m,[0m
      [0mpredicate[2m:[0m [0m[2mundefined[0m[0m[2m,[0m
      [0mpredicateData[2m:[0m [0m[2mundefined[0m[0m[2m,[0m
    }[0m[2m,[0m {
      [0mid[2m:[0m [0m[32m[0m[32m"0x31005ea9b1b6271352ee43621b2e94e7cdd242908b2ecb2c6fd8540b713eba060000"[0m[0m[0m[2m,[0m
      [0mtype[2m:[0m [0m[33m0[0m[0m[2m,[0m
      [0mowner[2m:[0m [0m[32m[0m[32m"0x0f95a205bfdb25aa92c89551c3b1384042795e9bf16315ce1700ca181edc15d1"[0m[0m[0m[2m,[0m
      [0mamount[2m:[0m <BN: 0x19f13e2>[0m[2m,[0m
      [0massetId[2m:[0m [0m[32m[0m[32m"0xf8f8b6283d7fa5b672b530cbb84fcccb4ff8dc40f8176ef4544ddb1f1952ad07"[0m[0m[0m[2m,[0m
      [0mtxPointer[2m:[0m [0m[32m[0m[32m"0x00000000000000000000000000000000"[0m[0m[0m[2m,[0m
      [0mwitnessIndex[2m:[0m [0m[33m1[0m[0m[2m,[0m
      [0mpredicate[2m:[0m [0m[2mundefined[0m[0m[2m,[0m
      [0mpredicateData[2m:[0m [0m[2mundefined[0m[0m[2m,[0m
    }
  ][0m[2m,[0m
  [0moutputs[2m:[0m [
    {
      [0mtype[2m:[0m [0m[33m0[0m[0m[2m,[0m
      [0mto[2m:[0m [0m[32m[0m[32m"0x20c994da24a02bd492ef3b49a94812494512ca9d803a7a46ee9bd4e2cf02116a"[0m[0m[0m[2m,[0m
      [0mamount[2m:[0m [0m[33m10[0m[0m[2m,[0m
      [0massetId[2m:[0m [0m[32m[0m[32m"0x3e34efc62c4f9d586db18b48ba0c3d28dc7409a25938e1404752c1242b7ea939"[0m[0m[0m[2m,[0m
    }[0m[2m,[0m
    {
      [0mtype[2m:[0m [0m[33m2[0m[0m[2m,[0m
      [0mto[2m:[0m [0m[32m[0m[32m"0x56853aa51215abca5e70593b1d40cf4a1945d127671228ceb5db59c9919b764c"[0m[0m[0m[2m,[0m
      [0massetId[2m:[0m [0m[32m[0m[32m"0x3e34efc62c4f9d586db18b48ba0c3d28dc7409a25938e1404752c1242b7ea939"[0m[0m[0m[2m,[0m
    }[0m[2m,[0m
    {
      [0mtype[2m:[0m [0m[33m2[0m[0m[2m,[0m
      [0mto[2m:[0m [0m[32m[0m[32m"0x0f95a205bfdb25aa92c89551c3b1384042795e9bf16315ce1700ca181edc15d1"[0m[0m[0m[2m,[0m
      [0massetId[2m:[0m [0m[32m[0m[32m"0xf8f8b6283d7fa5b672b530cbb84fcccb4ff8dc40f8176ef4544ddb1f1952ad07"[0m[0m[0m[2m,[0m
    }[0m[2m,[0m
    {
      [0mtype[2m:[0m [0m[33m0[0m[0m[2m,[0m
      [0mto[2m:[0m [0m[32m[0m[32m"0x0f95a205bfdb25aa92c89551c3b1384042795e9bf16315ce1700ca181edc15d1"[0m[0m[0m[2m,[0m
      [0mamount[2m:[0m <BN: 0x19f0ffa>[0m[2m,[0m
      [0massetId[2m:[0m [0m[32m[0m[32m"0xf8f8b6283d7fa5b672b530cbb84fcccb4ff8dc40f8176ef4544ddb1f1952ad07"[0m[0m[0m[2m,[0m
    }
  ][0m[2m,[0m
  [0mwitnesses[2m:[0m [
    Uint8Array(64) [ [0m[33m0[0m[0m[2m,[0m [0m[33m0[0m[0m[2m,[0m [0m[33m0[0m[0m[2m,[0m [0m[33m0[0m[0m[2m,[0m [0m[33m0[0m[0m[2m,[0m [0m[33m0[0m[0m[2m,[0m [0m[33m0[0m[0m[2m,[0m [0m[33m0[0m[0m[2m,[0m [0m[33m0[0m[0m[2m,[0m [0m[33m0[0m[0m[2m,[0m [0m[33m0[0m[0m[2m,[0m [0m[33m0[0m[0m[2m,[0m [0m[33m0[0m[0m[2m,[0m [0m[33m0[0m[0m[2m,[0m [0m[33m0[0m[0m[2m,[0m [0m[33m0[0m[0m[2m,[0m [0m[33m0[0m[0m[2m,[0m [0m[33m0[0m[0m[2m,[0m [0m[33m0[0m[0m[2m,[0m [0m[33m0[0m[0m[2m,[0m [0m[33m0[0m[0m[2m,[0m [0m[33m0[0m[0m[2m,[0m [0m[33m0[0m[0m[2m,[0m [0m[33m0[0m[0m[2m,[0m [0m[33m0[0m[0m[2m,[0m [0m[33m0[0m[0m[2m,[0m [0m[33m0[0m[0m[2m,[0m [0m[33m0[0m[0m[2m,[0m [0m[33m0[0m[0m[2m,[0m [0m[33m0[0m[0m[2m,[0m [0m[33m0[0m[0m[2m,[0m [0m[33m0[0m[0m[2m,[0m [0m[33m0[0m[0m[2m,[0m [0m[33m0[0m[0m[2m,[0m [0m[33m0[0m[0m[2m,[0m [0m[33m0[0m[0m[2m,[0m [0m[33m0[0m[0m[2m,[0m [0m[33m0[0m[0m[2m,[0m [0m[33m0[0m[0m[2m,[0m [0m[33m0[0m[0m[2m,[0m [0m[33m0[0m[0m[2m,[0m [0m[33m0[0m[0m[2m,[0m [0m[33m0[0m[0m[2m,[0m [0m[33m0[0m[0m[2m,[0m [0m[33m0[0m[0m[2m,[0m [0m[33m0[0m[0m[2m,[0m [0m[33m0[0m[0m[2m,[0m [0m[33m0[0m[0m[2m,[0m [0m[33m0[0m[0m[2m,[0m [0m[33m0[0m[0m[2m,[0m [0m[33m0[0m[0m[2m,[0m [0m[33m0[0m[0m[2m,[0m [0m[33m0[0m[0m[2m,[0m [0m[33m0[0m[0m[2m,[0m [0m[33m0[0m[0m[2m,[0m [0m[33m0[0m[0m[2m,[0m [0m[33m0[0m[0m[2m,[0m [0m[33m0[0m[0m[2m,[0m [0m[33m0[0m[0m[2m,[0m [0m[33m0[0m[0m[2m,[0m [0m[33m0[0m[0m[2m,[0m [0m[33m0[0m[0m[2m,[0m [0m[33m0[0m[0m[2m,[0m [0m[33m0[0m ][0m[2m,[0m
    {
      [0msignature[2m:[0m [0m[32m[0m[32m"0xd5b3380461edfc2e080bea6736e10ff169e34b2a478303f88aa8d09976ba83ecb2e01c64d8d7ce5327e4968410f95d303d1e25dd65f33ef9c229413450556e52"[0m[0m[0m[2m,[0m
    }
  ][0m[2m,[0m
  [0mtype[2m:[0m [0m[33m0[0m[0m[2m,[0m
  [0mgasLimit[2m:[0m <BN: 0x1c835ba>[0m[2m,[0m
  [0mscript[2m:[0m Uint8Array(4) [ [0m[33m36[0m[0m[2m,[0m [0m[33m0[0m[0m[2m,[0m [0m[33m0[0m[0m[2m,[0m [0m[33m0[0m ][0m[2m,[0m
  [0mscriptData[2m:[0m Uint8Array(0) [  ][0m[2m,[0m
  [0mabis[2m:[0m [0m[2mundefined[0m[0m[2m,[0m
  [0mtoTransaction[2m:[0m [36m[Function: toTransaction][0m[0m[2m,[0m
  [0mgetContractInputs[2m:[0m [36m[Function: getContractInputs][0m[0m[2m,[0m
  [0mgetContractOutputs[2m:[0m [36m[Function: getContractOutputs][0m[0m[2m,[0m
  [0mgetVariableOutputs[2m:[0m [36m[Function: getVariableOutputs][0m[0m[2m,[0m
  [0msetScript[2m:[0m [36m[Function: setScript][0m[0m[2m,[0m
  [0maddVariableOutputs[2m:[0m [36m[Function: addVariableOutputs][0m[0m[2m,[0m
  [0mcalculateMaxGas[2m:[0m [36m[Function: calculateMaxGas][0m[0m[2m,[0m
  [0maddContractInputAndOutput[2m:[0m [36m[Function: addContractInputAndOutput][0m[0m[2m,[0m
  [0mgetTransactionId[2m:[0m [36m[Function: getTransactionId][0m[0m[2m,[0m
  [0msetData[2m:[0m [36m[Function: setData][0m[0m[2m,[0m
  [0mmetadataGas[2m:[0m [36m[Function: metadataGas][0m[0m[2m,[0m
  [0mgetBaseTransaction[2m:[0m [36m[Function: getBaseTransaction][0m[0m[2m,[0m
  [0mtoTransactionBytes[2m:[0m [36m[Function: toTransactionBytes][0m[0m[2m,[0m
  [0mpushInput[2m:[0m [36m[Function: pushInput][0m[0m[2m,[0m
  [0mpushOutput[2m:[0m [36m[Function: pushOutput][0m[0m[2m,[0m
  [0maddWitness[2m:[0m [36m[Function: addWitness][0m[0m[2m,[0m
  [0maddEmptyWitness[2m:[0m [36m[Function: addEmptyWitness][0m[0m[2m,[0m
  [0mupdateWitnessByOwner[2m:[0m [36m[Function: updateWitnessByOwner][0m[0m[2m,[0m
  [0mupdateWitness[2m:[0m [36m[Function: updateWitness][0m[0m[2m,[0m
  [0maddAccountWitnesses[2m:[0m [36m[AsyncFunction: addAccountWitnesses][0m[0m[2m,[0m
  [0mgetCoinInputs[2m:[0m [36m[Function: getCoinInputs][0m[0m[2m,[0m
  [0mgetCoinOutputs[2m:[0m [36m[Function: getCoinOutputs][0m[0m[2m,[0m
  [0mgetChangeOutputs[2m:[0m [36m[Function: getChangeOutputs][0m[0m[2m,[0m
  [0mgetCoinInputWitnessIndexByOwner[2m:[0m [36m[Function: getCoinInputWitnessIndexByOwner][0m[0m[2m,[0m
  [0maddCoinInput[2m:[0m [36m[Function: addCoinInput][0m[0m[2m,[0m
  [0maddMessageInput[2m:[0m [36m[Function: addMessageInput][0m[0m[2m,[0m
  [0maddResource[2m:[0m [36m[Function: addResource][0m[0m[2m,[0m
  [0maddResources[2m:[0m [36m[Function: addResources][0m[0m[2m,[0m
  [0maddCoinOutput[2m:[0m [36m[Function: addCoinOutput][0m[0m[2m,[0m
  [0maddCoinOutputs[2m:[0m [36m[Function: addCoinOutputs][0m[0m[2m,[0m
  [0maddChangeOutput[2m:[0m [36m[Function: addChangeOutput][0m[0m[2m,[0m
  [0mbyteSize[2m:[0m [36m[Function: byteSize][0m[0m[2m,[0m
  [0mcalculateMinGas[2m:[0m [36m[Function: calculateMinGas][0m[0m[2m,[0m
  [0mfundWithFakeUtxos[2m:[0m [36m[Function: fundWithFakeUtxos][0m[0m[2m,[0m
  [0mgetCoinOutputsQuantities[2m:[0m [36m[Function: getCoinOutputsQuantities][0m[0m[2m,[0m
  [0mtoJSON[2m:[0m [36m[Function: toJSON][0m[0m[2m,[0m
  [0mremoveWitness[2m:[0m [36m[Function: removeWitness][0m[0m[2m,[0m
  [0madjustWitnessIndexes[2m:[0m [36m[Function: adjustWitnessIndexes][0m[0m[2m,[0m
  [0mupdatePredicateGasUsed[2m:[0m [36m[Function: updatePredicateGasUsed][0m[0m[2m,[0m
  [0mbyteLength[2m:[0m [36m[Function: byteLength][0m[0m[2m,[0m
}
